2026-02-05 00:14:10,175 - model_building - DEBUG - Data loaded from ./data/processed/train_tfidf.csv with shape (3935, 51)
2026-02-05 00:14:10,175 - model_building - DEBUG - Initializing RandomForest model with parameters: {'n_estimators': 25, 'random_state': 2}
2026-02-05 00:14:10,175 - model_building - DEBUG - Model training started with 3935 samples
2026-02-05 00:14:10,385 - model_building - DEBUG - Model training completed
2026-02-05 00:14:10,385 - model_building - DEBUG - Model saved to models/model.pkl
2026-02-05 00:14:37,617 - model_building - DEBUG - Data loaded from ./data/processed/train_tfidf.csv with shape (3935, 51)
2026-02-05 00:14:37,641 - model_building - DEBUG - Initializing RandomForest model with parameters: {'n_estimators': 25, 'random_state': 2}
2026-02-05 00:14:37,643 - model_building - DEBUG - Model training started with 3935 samples
2026-02-05 00:14:37,855 - model_building - DEBUG - Model training completed
2026-02-05 00:14:37,857 - model_building - DEBUG - Model saved to models/model.pkl
2026-02-05 00:14:56,657 - model_building - DEBUG - Data loaded from ./data/processed/train_tfidf.csv with shape (3935, 51)
2026-02-05 00:14:56,660 - model_building - DEBUG - Initializing RandomForest model with parameters: {'n_estimators': 25, 'random_state': 2}
2026-02-05 00:14:56,660 - model_building - DEBUG - Model training started with 3935 samples
2026-02-05 00:14:56,873 - model_building - DEBUG - Model training completed
2026-02-05 00:14:56,879 - model_building - DEBUG - Model saved to models/model.pkl
2026-02-05 00:15:15,731 - model_building - DEBUG - Data loaded from ./data/processed/train_tfidf.csv with shape (3935, 51)
2026-02-05 00:15:15,731 - model_building - DEBUG - Initializing RandomForest model with parameters: {'n_estimators': 25, 'random_state': 2}
2026-02-05 00:15:15,737 - model_building - DEBUG - Model training started with 3935 samples
2026-02-05 00:15:15,937 - model_building - DEBUG - Model training completed
2026-02-05 00:15:15,956 - model_building - DEBUG - Model saved to models/model.pkl
2026-02-05 00:15:43,963 - model_building - DEBUG - Data loaded from ./data/processed/train_tfidf.csv with shape (3935, 51)
2026-02-05 00:15:43,970 - model_building - DEBUG - Initializing RandomForest model with parameters: {'n_estimators': 25, 'random_state': 2}
2026-02-05 00:15:43,970 - model_building - DEBUG - Model training started with 3935 samples
2026-02-05 00:15:44,183 - model_building - DEBUG - Model training completed
2026-02-05 00:15:44,188 - model_building - DEBUG - Model saved to models/model.pkl
2026-02-05 00:38:47,182 - model_building - DEBUG - Parameters retrieved from params.yaml
2026-02-05 00:38:47,225 - model_building - DEBUG - Data loaded from ./data/processed/train_tfidf.csv with shape (4185, 51)
2026-02-05 00:38:47,227 - model_building - DEBUG - Initializing RandomForest model with parameters: {'n_estimators': 25, 'random_state': 2}
2026-02-05 00:38:47,227 - model_building - DEBUG - Model training started with 4185 samples
2026-02-05 00:38:47,454 - model_building - DEBUG - Model training completed
2026-02-05 00:38:47,458 - model_building - DEBUG - Model saved to models/model.pkl
2026-02-05 00:43:03,183 - model_building - DEBUG - Parameters retrieved from params.yaml
2026-02-05 00:43:03,222 - model_building - DEBUG - Data loaded from ./data/processed/train_tfidf.csv with shape (4185, 51)
2026-02-05 00:43:03,222 - model_building - DEBUG - Initializing RandomForest model with parameters: {'n_estimators': 25, 'random_state': 2}
2026-02-05 00:43:03,222 - model_building - DEBUG - Model training started with 4185 samples
2026-02-05 00:43:03,441 - model_building - DEBUG - Model training completed
2026-02-05 00:43:03,458 - model_building - DEBUG - Model saved to models/model.pkl
